<?xml version="1.0" encoding="UTF-8"?>
<!-- Generated by org.testng.reporters.JUnitReportReporter -->
<testsuite skipped="0" hostname="LAPTOP-80QPIB69" name="com.qa.androidproject.Testcases.LaunchMyApp" tests="1" failures="0" timestamp="09 Feb 2021 02:49:23 GMT" time="26.599" errors="0">
  <testcase name="TC1_AmazonSearch" time="26.599" classname="com.qa.androidproject.Testcases.LaunchMyApp"/>
</testsuite> <!-- com.qa.androidproject.Testcases.LaunchMyApp -->
